2019-23-07 22:06:38   INFO [pages.HomePage] : LoginPage was opened
2019-23-07 22:07:09  ERROR [pages.HomePage] : Can not work with element
2019-03-08 22:45:25   INFO [pages.HomePage] : LoginPage was opened
2019-03-08 22:45:55  ERROR [pages.HomePage] : Can not work with element
2019-03-08 22:53:40   INFO [pages.HomePage] : LoginPage was opened
2019-03-08 22:54:10  ERROR [pages.HomePage] : Can not work with element
2019-03-08 22:55:43   INFO [pages.HomePage] : LoginPage was opened
2019-03-08 22:56:14  ERROR [pages.HomePage] : Can not work with element
2019-03-08 22:59:55   INFO [pages.HomePage] : LoginPage was opened
2019-03-08 23:00:25  ERROR [pages.HomePage] : Can not work with element
2019-03-08 23:00:38   INFO [pages.HomePage] : LoginPage was opened
2019-03-08 23:00:38   INFO [pages.HomePage] : Button magnifier was clicked
2019-03-08 23:18:32   INFO [pages.HomePage] : LoginPage was opened
2019-03-08 23:18:32   INFO [pages.HomePage] : Button magnifier was clicked
2019-03-08 23:49:57   INFO [pages.HomePage] : LoginPage was opened
2019-03-08 23:49:57   INFO [pages.HomePage] : FB icon was clicked
2019-04-08 00:07:48   INFO [pages.HomePage] : LoginPage was opened
2019-04-08 00:07:48   INFO [pages.HomePage] : FB icon was clicked
2019-04-08 10:36:20   INFO [pages.HomePage] : LoginPage was opened
2019-04-08 10:36:21   INFO [pages.HomePage] : FB icon was clicked
2019-04-08 10:45:25   INFO [pages.HomePage] : LoginPage was opened
2019-04-08 10:45:26   INFO [pages.HomePage] : FB icon was clicked
2019-04-08 10:46:38   INFO [pages.HomePage] : LoginPage was opened
2019-04-08 10:46:39   INFO [pages.HomePage] : FB icon was clicked
2019-04-08 10:48:46   INFO [pages.HomePage] : LoginPage was opened
2019-04-08 10:48:46   INFO [pages.HomePage] : FB icon was clicked
2019-04-08 10:49:16   INFO [pages.HomePage] : LoginPage was opened
2019-04-08 10:49:16   INFO [pages.HomePage] : FB icon was clicked
2019-04-08 11:39:27   INFO [pages.HomePage] : LoginPage was opened
2019-04-08 13:12:20   INFO [pages.HomePage] : LoginPage was opened
2019-04-08 13:13:02   INFO [pages.HomePage] : LoginPage was opened
2019-04-08 13:13:02   INFO [pages.HomePage] : FB icon was clicked
2019-04-08 13:17:07   INFO [pages.HomePage] : LoginPage was opened
2019-04-08 13:18:59   INFO [pages.HomePage] : LoginPage was opened
2019-04-08 13:21:12   INFO [pages.HomePage] : LoginPage was opened
2019-04-08 13:28:54   INFO [pages.HomePage] : LoginPage was opened
2019-04-08 13:32:13   INFO [pages.HomePage] : Page was opened
2019-04-08 13:33:10   INFO [pages.HomePage] : Page was opened
